E, [2021-05-16T10:47:58.588327 #2085] ERROR -- Kitchen: ------Exception-------
E, [2021-05-16T10:47:58.588535 #2085] ERROR -- Kitchen: Class: Kitchen::UserError
E, [2021-05-16T10:47:58.588569 #2085] ERROR -- Kitchen: Message: Kitchen YAML file /Users/davindersingh/Documents/VSCODE/Chef/chef-training/kitchen.yml does not exist.
E, [2021-05-16T10:47:58.588593 #2085] ERROR -- Kitchen: ----------------------
E, [2021-05-16T10:47:58.588616 #2085] ERROR -- Kitchen: ------Backtrace-------
E, [2021-05-16T10:47:58.588638 #2085] ERROR -- Kitchen: /opt/chef-workstation/embedded/lib/ruby/gems/2.7.0/gems/test-kitchen-2.11.2/lib/kitchen/loader/yaml.rb:65:in `read'
E, [2021-05-16T10:47:58.588655 #2085] ERROR -- Kitchen: /opt/chef-workstation/embedded/lib/ruby/gems/2.7.0/gems/test-kitchen-2.11.2/lib/kitchen/config.rb:153:in `data'
E, [2021-05-16T10:47:58.588670 #2085] ERROR -- Kitchen: /opt/chef-workstation/embedded/lib/ruby/gems/2.7.0/gems/test-kitchen-2.11.2/lib/kitchen/config.rb:131:in `suites'
E, [2021-05-16T10:47:58.588685 #2085] ERROR -- Kitchen: /opt/chef-workstation/embedded/lib/ruby/gems/2.7.0/gems/test-kitchen-2.11.2/lib/kitchen/config.rb:183:in `filter_instances'
E, [2021-05-16T10:47:58.588700 #2085] ERROR -- Kitchen: /opt/chef-workstation/embedded/lib/ruby/gems/2.7.0/gems/test-kitchen-2.11.2/lib/kitchen/config.rb:142:in `build_instances'
E, [2021-05-16T10:47:58.588715 #2085] ERROR -- Kitchen: /opt/chef-workstation/embedded/lib/ruby/gems/2.7.0/gems/test-kitchen-2.11.2/lib/kitchen/config.rb:116:in `instances'
E, [2021-05-16T10:47:58.588730 #2085] ERROR -- Kitchen: /opt/chef-workstation/embedded/lib/ruby/gems/2.7.0/gems/test-kitchen-2.11.2/lib/kitchen/command.rb:109:in `filtered_instances'
E, [2021-05-16T10:47:58.588744 #2085] ERROR -- Kitchen: /opt/chef-workstation/embedded/lib/ruby/gems/2.7.0/gems/test-kitchen-2.11.2/lib/kitchen/command.rb:139:in `parse_subcommand'
E, [2021-05-16T10:47:58.588759 #2085] ERROR -- Kitchen: /opt/chef-workstation/embedded/lib/ruby/gems/2.7.0/gems/test-kitchen-2.11.2/lib/kitchen/command/login.rb:28:in `call'
E, [2021-05-16T10:47:58.588774 #2085] ERROR -- Kitchen: /opt/chef-workstation/embedded/lib/ruby/gems/2.7.0/gems/test-kitchen-2.11.2/lib/kitchen/cli.rb:52:in `perform'
E, [2021-05-16T10:47:58.588792 #2085] ERROR -- Kitchen: /opt/chef-workstation/embedded/lib/ruby/gems/2.7.0/gems/test-kitchen-2.11.2/lib/kitchen/cli.rb:257:in `login'
E, [2021-05-16T10:47:58.588816 #2085] ERROR -- Kitchen: /opt/chef-workstation/embedded/lib/ruby/gems/2.7.0/gems/thor-1.1.0/lib/thor/command.rb:27:in `run'
E, [2021-05-16T10:47:58.588835 #2085] ERROR -- Kitchen: /opt/chef-workstation/embedded/lib/ruby/gems/2.7.0/gems/thor-1.1.0/lib/thor/invocation.rb:127:in `invoke_command'
E, [2021-05-16T10:47:58.588851 #2085] ERROR -- Kitchen: /opt/chef-workstation/embedded/lib/ruby/gems/2.7.0/gems/thor-1.1.0/lib/thor.rb:392:in `dispatch'
E, [2021-05-16T10:47:58.588868 #2085] ERROR -- Kitchen: /opt/chef-workstation/embedded/lib/ruby/gems/2.7.0/gems/thor-1.1.0/lib/thor/base.rb:485:in `start'
E, [2021-05-16T10:47:58.588884 #2085] ERROR -- Kitchen: /opt/chef-workstation/embedded/lib/ruby/gems/2.7.0/gems/test-kitchen-2.11.2/bin/kitchen:11:in `block in <top (required)>'
E, [2021-05-16T10:47:58.588904 #2085] ERROR -- Kitchen: /opt/chef-workstation/embedded/lib/ruby/gems/2.7.0/gems/test-kitchen-2.11.2/lib/kitchen/errors.rb:170:in `with_friendly_errors'
E, [2021-05-16T10:47:58.588919 #2085] ERROR -- Kitchen: /opt/chef-workstation/embedded/lib/ruby/gems/2.7.0/gems/test-kitchen-2.11.2/bin/kitchen:11:in `<top (required)>'
E, [2021-05-16T10:47:58.588939 #2085] ERROR -- Kitchen: /usr/local/bin/kitchen:354:in `load'
E, [2021-05-16T10:47:58.588955 #2085] ERROR -- Kitchen: /usr/local/bin/kitchen:354:in `<main>'
E, [2021-05-16T10:47:58.588970 #2085] ERROR -- Kitchen: ----End Backtrace-----
